Determining if the pthread_create exist failed with the following output:
Change Dir: /home/yy/workspace/Slam_using_rplidar/build/CMakeFiles/CMakeTmp

Run Build Command:"/usr/bin/make" "cmTC_270ed/fast"
/usr/bin/make -f CMakeFiles/cmTC_270ed.dir/build.make CMakeFiles/cmTC_270ed.dir/build
make[1]: Entering directory '/home/yy/workspace/Slam_using_rplidar/build/CMakeFiles/CMakeTmp'
Building C object CMakeFiles/cmTC_270ed.dir/CheckSymbolExists.c.o
/usr/bin/cc    -o CMakeFiles/cmTC_270ed.dir/CheckSymbolExists.c.o   -c /home/yy/workspace/Slam_using_rplidar/build/CMakeFiles/CMakeTmp/CheckSymbolExists.c
Linking C executable cmTC_270ed
/usr/bin/cmake -E cmake_link_script CMakeFiles/cmTC_270ed.dir/link.txt --verbose=1
/usr/bin/cc      -rdynamic CMakeFiles/cmTC_270ed.dir/CheckSymbolExists.c.o  -o cmTC_270ed 
CMakeFiles/cmTC_270ed.dir/CheckSymbolExists.c.o: In function `main':
CheckSymbolExists.c:(.text+0x14): undefined reference to `pthread_create'
CheckSymbolExists.c:(.text+0x18): undefined reference to `pthread_create'
collect2: error: ld returned 1 exit status
CMakeFiles/cmTC_270ed.dir/build.make:97: recipe for target 'cmTC_270ed' failed
make[1]: *** [cmTC_270ed] Error 1
make[1]: Leaving directory '/home/yy/workspace/Slam_using_rplidar/build/CMakeFiles/CMakeTmp'
Makefile:126: recipe for target 'cmTC_270ed/fast' failed
make: *** [cmTC_270ed/fast] Error 2

File /home/yy/workspace/Slam_using_rplidar/build/CMakeFiles/CMakeTmp/CheckSymbolExists.c:
/* */
#include <pthread.h>

int main(int argc, char** argv)
{
  (void)argv;
#ifndef pthread_create
  return ((int*)(&pthread_create))[argc];
#else
  (void)argc;
  return 0;
#endif
}

Determining if the function pthread_create exists in the pthreads failed with the following output:
Change Dir: /home/yy/workspace/Slam_using_rplidar/build/CMakeFiles/CMakeTmp

Run Build Command:"/usr/bin/make" "cmTC_2da57/fast"
/usr/bin/make -f CMakeFiles/cmTC_2da57.dir/build.make CMakeFiles/cmTC_2da57.dir/build
make[1]: Entering directory '/home/yy/workspace/Slam_using_rplidar/build/CMakeFiles/CMakeTmp'
Building C object CMakeFiles/cmTC_2da57.dir/CheckFunctionExists.c.o
/usr/bin/cc   -DCHECK_FUNCTION_EXISTS=pthread_create   -o CMakeFiles/cmTC_2da57.dir/CheckFunctionExists.c.o   -c /usr/share/cmake-3.10/Modules/CheckFunctionExists.c
Linking C executable cmTC_2da57
/usr/bin/cmake -E cmake_link_script CMakeFiles/cmTC_2da57.dir/link.txt --verbose=1
/usr/bin/cc  -DCHECK_FUNCTION_EXISTS=pthread_create    -rdynamic CMakeFiles/cmTC_2da57.dir/CheckFunctionExists.c.o  -o cmTC_2da57 -lpthreads 
/usr/bin/ld: cannot find -lpthreads
collect2: error: ld returned 1 exit status
CMakeFiles/cmTC_2da57.dir/build.make:97: recipe for target 'cmTC_2da57' failed
make[1]: *** [cmTC_2da57] Error 1
make[1]: Leaving directory '/home/yy/workspace/Slam_using_rplidar/build/CMakeFiles/CMakeTmp'
Makefile:126: recipe for target 'cmTC_2da57/fast' failed
make: *** [cmTC_2da57/fast] Error 2


